<?xml version="1.0" encoding="UTF-8"?>
<!-- Generated by org.testng.reporters.JUnitXMLReporter -->
<testsuite hostname="tp3vdiw10dev205" name="Test" tests="1" failures="1" timestamp="11 Jun 2019 07:42:29 GMT" time="21.486" errors="0">
  <testcase name="getScreenshot" time="11.295" classname="com.practice.iquestions.TakesScreenshotDemo">
    <failure type="java.lang.AssertionError" message="expected [true] but found [false]">
      <![CDATA[java.lang.AssertionError: expected [true] but found [false]
	at com.practice.iquestions.TakesScreenshotDemo.getScreenshot(TakesScreenshotDemo.java:25)
... Removed 28 stack frames]]>
    </failure>
  </testcase> <!-- getScreenshot -->
</testsuite> <!-- Test -->
