<?xml version="1.0" encoding="UTF-8"?>
<testng-results skipped="0" failed="0" total="2" passed="2">
  <reporter-output>
  </reporter-output>
  <suite name="Suite" duration-ms="24018" started-at="2019-06-19T10:45:22Z" finished-at="2019-06-19T10:45:46Z">
    <groups>
    </groups>
    <test name="ChromeTest" duration-ms="15678" started-at="2019-06-19T10:45:22Z" finished-at="2019-06-19T10:45:38Z">
      <class name="com.practice.iquestions.CrossBrowserTestingDemo">
        <test-method status="PASS" signature="setUp(java.lang.String)[pri:0, instance:com.practice.iquestions.CrossBrowserTestingDemo@724af044]" name="setUp" is-config="true" duration-ms="4140" started-at="2019-06-19T16:15:22Z" finished-at="2019-06-19T16:15:26Z">
          <params>
            <param index="0">
              <value>
                <![CDATA[chrome]]>
              </value>
            </param>
          </params>
          <reporter-output>
          </reporter-output>
        </test-method> <!-- setUp -->
        <test-method status="PASS" signature="launchBrowser()[pri:0, instance:com.practice.iquestions.CrossBrowserTestingDemo@724af044]" name="launchBrowser" duration-ms="11509" started-at="2019-06-19T16:15:26Z" finished-at="2019-06-19T16:15:38Z">
          <reporter-output>
          </reporter-output>
        </test-method> <!-- launchBrowser -->
      </class> <!-- com.practice.iquestions.CrossBrowserTestingDemo -->
    </test> <!-- ChromeTest -->
    <test name="FirefoxTest" duration-ms="8274" started-at="2019-06-19T10:45:38Z" finished-at="2019-06-19T10:45:46Z">
      <class name="com.practice.iquestions.CrossBrowserTestingDemo">
        <test-method status="PASS" signature="setUp(java.lang.String)[pri:0, instance:com.practice.iquestions.CrossBrowserTestingDemo@26653222]" name="setUp" is-config="true" duration-ms="2592" started-at="2019-06-19T16:15:38Z" finished-at="2019-06-19T16:15:40Z">
          <params>
            <param index="0">
              <value>
                <![CDATA[IE]]>
              </value>
            </param>
          </params>
          <reporter-output>
          </reporter-output>
        </test-method> <!-- setUp -->
        <test-method status="PASS" signature="launchBrowser()[pri:0, instance:com.practice.iquestions.CrossBrowserTestingDemo@26653222]" name="launchBrowser" duration-ms="5679" started-at="2019-06-19T16:15:40Z" finished-at="2019-06-19T16:15:46Z">
          <reporter-output>
          </reporter-output>
        </test-method> <!-- launchBrowser -->
      </class> <!-- com.practice.iquestions.CrossBrowserTestingDemo -->
    </test> <!-- FirefoxTest -->
  </suite> <!-- Suite -->
</testng-results>
